Get Slack notifications for new Typeform entries
Send emails into Slack
Get new Gmail emails in Slack (full email)
Post new Trello activity to a Slack channel or @slackbot
Post a new message to Slack whenever a Google Sheets row is updated
Share new Twitter mentions in Slack
Create Todoist tasks from new starred Slack messages
Post new Basecamp activity to Slack
Post approaching Google Calendar events to a Slack channel
Create Trello cards from new starred Slack messages
Get Slack notifications for new Google Drive files in a folder
Post today's weather forecast in Slack
Create OmniFocus tasks from new starred Slack messages
Share new Facebook Page posts in Slack
Create Asana tasks from new starred Slack messages
Send Slack messages for new Pipedrive deals
Add Slack messages to a Google Sheets spreadsheet
Welcome new Slack users in #general
Share new RSS items in Slack
Get Slack notifications for new Evernote notes
Get new email notifications in Slack (containing subject, snippet, sender and link to email)
Share tasks in Wrike via Slack messages 
Share new Tweets from a Twitter list in Slack
Create Trello Cards from a Slack Channel
Share new Toggl Time Entries in Slack messages
Get Slack notifications for Instagram photos and videos with a specific tag
Post a message to a Slack channel for every pulse created in dapulse
Add new Slack messages to a Klipfolio data source
Get alerts in Slack for new Producteev tasks
Get daily reminders in Slack
Create Wunderlist tasks from new starred Slack messages
Get weekly reminders in Slack
Post new BitBucket events to Slack
Get Slack notifications for new Podio items 
Get Slack notifications for new MailChimp subscribers
Share new paid orders from Shopify to Slack
Automatically Forward Twilio SMS to Slack
Get Slack notifications for new Wufoo form entries
Get notified in Slack when a file is added to your Dropbox folder
Get Slack notifications for new email matching Gmail search query (such as, from:boss@work.com)
Share new Google Sheets rows to Slack
Get Slack notifications for new Yammer posts
Share new labeled Gmail emails in Slack
Create Wrike tasks from starred Slack message
Share Google Forms responses in a Slack channel
Post Slack messages for new Chatter posts
Get Slack notifications for new Salesforce opportunities
Get Slack notifications for new Eventbrite attendees
Share your new Instagram photos and videos in Slack
Create Slack messages for new Salesforce leads
Send Slack messages for new ChargeBee subscriptions
Send Starred Messages in Slack to a Google Spreadsheet
Post new Google Calendar events to a Slack channel
Share new Swarm check ins in Slack
Get Slack notifications for new Freshdesk tickets
Send Slack messages for Calendly invites
Get Slack notifications for new Mention results
Share new Insightly tasks on Slack
Get notifications of new Quip documents in Slack
Send Slack messages for new tagged Infusionsoft contacts
Get Slack notifications for new Close.io leads
Create new notes on Evernote when new messages are starred on Slack
Post a message to a Slack channel for new pulses created in a specific board
Create Basecamp to-dos from new starred Slack messages
Post messages to a Slack channel when new deals are added to a stage on Pipedrive
Get Slack channel notifications for new visitors
Get Slack notifications for new DocSend visits
Send Slack messages for new Freshservice tickets
Get new Office 365 emails in Slack (full email)
Share new Insightly contacts on Slack
Get notified about new FreshBooks payments on Slack
Share your Tweets (including replies) in Slack
Create Google Tasks items from new starred Slack messages
Get RescueTime daily summaries as Slack messages
Get Trello notifications in Slack
Send Slack messages for new Site24x7 alerts
Share published WordPress posts in a Slack channel
Post new Basecamp events to Slack
Post new Nicereply CSAT ratings into Slack
Get Slack messages for new boxes in Streak
Append new starred Slack messages to a note on Evernote 
Share new LeanKit cards via Slack messages
Post new Zendesk tickets to Slack
Send Slack messages for new HubSpot CRM contacts
Slack message notifies channel members of new Facebook Page post 
Share Meetup events in Slack
Add new FreshBooks invoices to Slack as new messages
Trigger a Slack Message for Failed Mailgun Email Deliveries
Send Slack messages for new Azure App Service deployments
Post Slack messages when Proposify proposal is viewed
Share new PayPal sales in Slack
Get Slack notifications for new email campaigns sent from Direct Mail
Send new GitHub mentions to Slack as new messages
Post new Redmine issues to Slack
Share your favorite SoundCloud tracks to Slack
Share SurveyMonkey responses on Slack
Get Slack messages for posts in Reddit
Send Slack messages about new timesheet entries in Harvest
Send Olark messages directly to Slack
Get Slack notifications for new information from a Webhook
Get Slack notifications for new Reddit mentions
Get Slack notifications for new Workable job applicants
Send messages on Slack for new cards on Projectplace
Get Slack notifications for new Disqus comments
Share new tagged Pocket items in Slack
Get Slack messages for new Dropbox files in a directory
Send Slack messages with new Prefinery testers are created
Get Slack notifications for new bounced Mandrill emails
Get Slack messages for new Nutshell leads
Send messages in Slack for new Smartsheet rows
Get Slack messages for new Base deals
Post Slack alert messages for new Capsule CRM opportunities
Get Slack alert messages for new Instagram followers
Get Slack notifications for Trello cards created or closed
Send Slack messages with new FormKeep submissions
Post new Gumroad sales to Slack
Get Slack notifications for new AWeber subscribers
Post new Scalr events to Slack
Get Slack notifications for newly posted transactions on bkper
Post new ShipStation orders to Slack
Notify me in Slack when an Amazon CloudWatch Alarm is triggered
Send Slack messages about new Teamwork projects
Get Slack notifications for new HubSpot form submissions
Share Pivotal Tracker stories on Slack
Share new OneDrive files on Slack
Get Slack notifications for new Formstack submissions
Get Slack notifications for new JotForm form submissions
Post failed Stripe charges to Slack
Send Cobot bookings to Slack
Share new Buffer queue items in Slack
Send Amazon SNS JSON messages to Slack
Get Slack notifications for new Google Drive files
Get Slack notifications for new Jira issues
Get Slack notifications for new Stripe sales
Get Slack alert messages for new Xero invoices
Send messages on Slack for new hot products on Product Hunt
Send DaPulse updates through Slack as messages
Share new posts on your Tumblr blog to Slack
Send a Slack message for new Eventjoy attendees
Post Slack messages for new HubSpot contacts
Get Slackbot notifications for approaching Google Calendar events
Get Slack notifications for new Office 365 events
Get Slack messages for new Base leads
Get Slack direct messages for new Write tasks
Send a Slack direct message for new Calendly scheduled events
Create Slack messages for new Zoho Projects tasks
Send new YouTube videos in a channel to Slack
Set Slack channel topics from new files in a Google Drive folder
Post Slack messages for new BitBucket issues
Create Slack messages for checked Process Street tasks
Get Slack notifications for new Twitter followers
Share tweets from a Twitter user to Slack channels
Save starred Slack messages to OneNote
Share your Tweets (excluding replies) in Slack
Send Slack messages about new Teamwork tasks
Send Mavenlink messages through Slack
Send messages on Slack for new Campaign Monitor subscribers
Send Slack messages about new projects in Harvest
Get Slack messages for new LiveChat chats
Send new GitHub commits to Slack as new messages
Send RunKeeper activity to Slack
Create Remember The Milk tasks from starred Slack messages
Send Slack messages for new accounts on Recurly
Send Slack messages for new YouCanBook.Me bookings
Send Slack messages for new SurveyGizmo responses
Send Slack messages for new ClickFunnels contacts
Share new Sifter issues in Slack
Report on new Slack messages in Watershed
Get Slack direct messages for new files in Google Drive folder 
Send a new message in Slack when a subscriber is added to Drip
Turn new Slack messages into Trello cards 
Send Slack messages for new Monitis alerts
Send new EVE Online notifications to Slack as messages
Send alerts for new FogBugz cases to Slack
Send messages on Slack if it's going to rain
Get a Slack direct messages when new notes are added to Evernote
Get Gmail emails for starred Slack messages 
Add new Slack messages to JIRA as new issues
Post Slack messages for new HubSpot contact property changes
Send new Dribbble shots to Slack
Send messages on Slack for new changesets on Beanstalk
Trigger PagerDuty incidents for new messages on Slack
Share Proposify won proposals in Slack
Create messages in Slack for new Lighthouse tickets
Share Agile CRM deal milestones in Slack
Send Slack messages for new IMAP emails
Get Slack notifications for new GitHub issues
Send new messages on Slack for new Paymo time entries
Share moved cards in LeanKit via Slack messages
Send new Slack message when a customer is created in LiveAgent
Get Slack notifications for new Stripe customers
Get Slack direct messages for new Gmail messages
Send yourself an email for new starred Slack messages
Send Slack messages for new Mavenlink stories
Add viewed Bidsketch proposals to Slack as notifications
Share new YouTube videos matching a search string on Slack
Post Slack messages for new Close.io opportunities
Send Pipedrive new deals as direct messages in Slack
Be Notified of New Chargify Subscriptions In Slack
Share Airtable records in Slack
Create KanbanTool cards from starred Slack messages
Send message in Slack for every new Pingdom alert
Get new email notifications in Slack (containing subject, sender, body preview and link to email)
Send message in Slack when there is a new Google Document
Get Slack notifications when any Highrise deal status changes
Post Slack alert messages for new Google Drive files
Send Slack messages for ProsperWorks opportunity stage changes
Create LeanKit cards from Slack messages
Send new tracks from Soundcloud users you follow to Slack
Post Slack alert messages when new Samanage incidents are added
Get Slack notifications for new Moverbase jobs
Send new GitHub events to Slack as new messages
Share new Teamwork messages on Slack
Get Slack notifications for new Help Scout conversations
Get Slack notifications for new UserVoice tickets
Send Slack messages for HubSpot CRM contact property changes
Get Slack notifications for new UserVoice suggestions
Get Slack channel notifications for new Facebook ad leads
Share BugHerd comments via Slack
Get new Zapier Email Parser parsed emails in Slack
Send Slack messages for new StatusCake alerts
Get incoming Pure Chat messages as notifications in Slack
Send Slack messages for new Groove tickets
Get Slack notifications for new Hacker News mentions
Share new articles in Feedly categories on Slack
Get Slack direct messages for new Trello cards
Send new Slack messages to Wrike as tasks
Send new OneDrive files to Slack as new messages
Share new Proposify proposals in Slack
Share new ClickDesk chats on Slack
Post new KanbanFlow tasks to a Slack channel
Get Slack notifications for new ProsperWorks deals
Get notified in Slack when a file is added to your Box Folder 
Get Slack notifications for new WordPress comments 
Create Pivotal Tracker stories from new Slack messages
Get Slack notifications for new You Don't Need a CRM won deals
Post on Slack whenever a Postmark email bounces
Send Slack messages for new backups on Digital Ocean
Send Slack messages for new transactions on Braintree
Get Slack messages for new MongoDB documents
Send Slack direct messages from Flic 
Get Slack notifications for new WordPress posts
Notify your team whenever a new Slack channel is added
Send Slack messages for new cases in FogBugz filter
Post Ecwid orders to Slack
Send Slack messages for new Zoho Creator records
Get notifications in Slack for new ActiveCampaign contacts
Distract your team in Slack when new "Serial" episodes are out!
Send new GitHub pull requests to Slack as new messages
Create Producteev tasks from Slack messages
Send AIM messages through Slack
Get Slack direct messages for new Typeform entries
Get Slack notifications for new BugHerd bugs
Post new Basecamp topics to Slack
Share Pocket items via Slack
Send Webflow form data to Slack
Post Slack messages for new Google Calendar events matching a search query
Share Meetup event comments via Slack messages
Get Slack notifications for new RescueTime Alerts
Send new messages on Slack for new bookings on Appointlet
Post messages to a Slack channel for new won deals on LIME Go
Create Slack channels for new Pipedrive deals
Get Slackbot notifications for new Google Calendar events
Post new Magento orders to Slack
Create GitHub issues from new Slack channel messages 
Send Slack messages for new SharpSpring form submissions
Share new YouTube videos on Slack
Create new tickets in Lighthouse from Slack messages
Add approved Bidsketch proposals to Slack as notifications
Get direct messages on Slack with new GitHub issues 
Get Slack notifications for new allthings activity
Send Slack messages for new Exceptionless errors
Share Wootric NPS responses in Slack
Get Slack notifications for new Zapier apps, integration enhancements and product updates
Get Slack channel messages for newly uploaded Uploadcare files
Send Slack message when Cobot member is confirmed
Add starred Slack messages to Checkvisit lists
Share MediaSilo projects in Slack
Send DaPulse posts through Slack as messages
Share Slack messages in Quip
Send new Slack messages for new videos on your Vimeo account
Get PipelineDeals alerts for updated deals in Slack
Send Amazon SNS messages to Slack
Send a Slack message for new Eventjoy orders
Send messages on Slack with new FormSite results
Notify me in Slack when a new EC2 instance is created
Get Slack direct messages for new inbound email messages
Create ProdPad ideas from new Slack messages
Share new Meetup group members via Slack
Send messages on Slack for changes in workflow steps on KiSSFLOW
Share new starred Gmail emails in Slack
Get Slack DMs with new amoCRM leads
Get Slack notifications when a meeting ends on Solid
Get messages in Slack for new Producteev projects
Get Notified on Slack When a Digital Ocean Droplet is Created
Send Slack messages for new features on TargetProcess
Send Slack messages for new deals on PipelineDeals
Update Slack channel topics with new Google Calendar events
Post new Azendoo completed tasks to Slack 
Send Slack messages about new invoices in Harvest
Send Slack messages for new subscribers on SumoMe
Get messages on Slack for new invoices on Zoho Invoice
Send Slack messages for new Nozbe actions
Post Slack messages for new Intercom users
Get Slack notifications for new Promoter.io feedback
Post new WooCommerce orders to Slack
Send Slack messages for new job status notifications on Jenkins
Send a New Slack Member a Message
Create tasks in Zoho Projects from starred Slack messages
Post new Bigcommerce orders to Slack
Send emails from Gmail with new Slack channel messages 
Send AngelList messages through Slack
Post new Pinterest pins to a Slack channel
Send Slack messages for new Monitis failure alerts
Share new Meetup events from searches in Slack 
Get Slack notifications for new Projectplace cards statuses
Send Slack messages for new HappyFox tickets
Get Slack notifications for new New Relic alerts or deployments
Send Slack messages for assigned Solid items
Create KanbanFlow tasks from starred Slack messages
Send new Slack channel messages with new Basecamp 2 todos
Get Slack notifications for new Box files
Send Slack messages for updated Freshservice tickets
Create tasks in MeisterTask from starred Slack messages
Send Slack messages to Geckoboard as text updates
Send Slack messages for received RingCentral SMS messages
Share new Basecamp Classic messages on Slack
Create Basecamp 2 todos from new Slack channel messages 
Add new Slack channel messages to an Excel spreadsheet 
Get Slack direct messages for new Pipedrive stages
Get Slack notifications for new Act! contacts
Share new Tumblr posts in your dashboard via Slack
Share new Help Scout assigned conversations in Slack
Post new ScheduleOnce bookings to a Slack channel
Post Slack alert messages for new FreshBooks estimates
Send new Slack channel messages when new Trello cards get moved to a list 
Create Azendoo tasks for new starred posts in Slack
Send Slack messages through AIM
Send Slack messages from bttn
Share new Nimble contacts in Slack
Get notified of new Wufoo form entries in Slack
Send Slack messages for new tasks on RunRun.it
Post Slack messages for new BitBucket changesets
Copy messages between Slack channels 
Get a Slack notifications for ProsperWorks leads
Set Slack channel topics from new webhook payloads
Get Slack direct messages every day
Get Slack messages for new Redbooth activity
Get Slack notifications for new Zendesk tickets
Send Slack messages for new files on Egnyte
Send Slack messages for new transactions on Recurly
Send Slack messages when Bidsketch proposals are sent
Get Slack direct messages when Google Calender events start
Share OnePageCRM deals via Slack
Copy new HipChat messages into Slack 
Get Slack direct messages for new posts on Facebook Pages
Send Slack messages for tasks in MeisterTask
Share Meetup RSVPs in Slack
Post messages to your Slack channel with new Dropbox files 
Share new Basecamp Classic Todos on Slack
Get monthly reminders in Slack
Send Slack messages for new Evernote Business notebooks
Send Slack messages for new Evernote Business notes
Get Slack notifications for new MailChimp unsubscribes
Get Slack direct messages for new HubSpot form submissions
Send Slack messages for new customers on Braintree
Send messages on Slack for new TargetProcess requests
Send BuySellAds orders to Slack
Send messages on Slack for new events on EVE Online
Be notified of high Wootric scores in Slack
Forward Slack messages to Sqwiggle
Be notified of Slack messages via 46elks SMS
Post Slack channel messages with new Facebook ad leads  
Notify a Slack channel when you receive a new email to your Mailjet Parse API email address
Post Slack channel messages when new ShareDesk Optix members check-in
Post Slack messages for new Quote Roller proposals
Send Slack messages for new shots you like on Dribbble
Send messages on Slack for new done cards on Projectplace
Share personal or team iDoneThis dones in Slack
Get Slack notifications for new collected Curated links
Post messages to a Slack channel of new posts in a Pulse
Post Slack messages from Proposify client comments
Send Slack messages for new prospects on Pardot
Get Slack messages when Base deals are won
Share updated Knack records via Slack
Send messages on Slack for new bookmarks on Pinboard
Send a Slack message from Burst SMS
Share new Tumblr tagged posts in Slack
Post Slack messages as updates in a Pulse
Post your team's GitHub commits to Slack
Get Slack DMs for Google Sheets row updates 
Get Slack notifications for new Invoice Ninja payments
Get Slack direct messages for new parsed emails
Get Slack notifications for new Zoom meetings
Post messages to a Slack channel when new contacts are added to a list 
Get new Mailparser.io parsed emails in Slack
Share new scoops in Scoop.it via Slack messages
Get Slack direct messages for new Twitter searches
Send Slack messages for ProsperWorks opportunities with updated status
Share new Wisita videos in Slack
Share Feedly saved articles in Slack
Get Slack notifications for new Desk cases
Post New Flagged Disqus Comments to Slack
Post Slack notifications of new Mailgun bounce events
Send Slack messages for new Process Street checklists
Set Slack channel topics from new rows on Google Sheets
Send Slack messages for new SendOwl orders
Post new RepairShopr invoice activity to a Slack channel
Get Slack notifications for new Moverbase leads
Get direct messages on Slack for new GitHub mentions 
Get Slack direct messages for new Gmail searches
Get notified in Slack when a Fulcrum record is created
Send Slack messages for new Monitis recovery alerts
Send Slack direct messages for new Crowdcast registrations
Send Slack messages for Wave invoices
Post new SupportBee tickets to Slack
Post new Gravity Forms submissions to a Slack channel 
Get notified in Slack whenever a new entry is added to your TrackVia database
Send Slack messages for new completed actions on Nozbe
Share Quip messages in Slack
Get Slack message for new Freshdesk tickets
Post Slack messages to Visual Studio Online
Archive Slack messages in Airtable
Share new Todoist tasks in Slack
Update Slack channel topics with new RSS items
Create Visual Studio Online build requests from Slack messages
Send Slack channel messages with new Transpose records
Send Slack messages for new SendinBlue subscribers
Get Slack direct messages for new webhooks
Post Slack messages for new Close.io tasks
Post Slack channel messages with new changes to a web page monitored by Wachete
Send Slack messages for new incidents on PagerDuty
Notify about new Myphoner winners on a Slack channel
Create Wunderlist tasks when new messages are posted to a Slack channel 
Post new Slack messages to Glip
Send messages on Slack for new MoonClerk payments
Create new Weekdone items from starred Slack messages
Get notified in Slack for new HelloSign signature requests
Get Slack direct messages for new Google Sheets rows
Post Slack messages for new Visual Studio Online pushes
Post Slack messages when Visual Studio Online work items are updated
Get Slack direct messages for new Pipedrive deals
Get Slack direct messages for new posts in your RSS feed
Send Slack messages for new comments on TargetProcess
Set Slack channel topics from new Trello cards
Create user stories on TargetProcess from new Slack messages
Post messages to a Slack channel for status changes to LIME Go deals
Get direct Slack messages for new SurveyMonkey responses 
Get Slack direct messages every week
Share new Airbrake errors as messages on Slack
Get messages on Slack for new FreeAgent invoices
Get Slack notifications for new UserVoice comments
Share Delighted survey responses in Slack
Post new MySQL rows as Slack messages
Get Slack messages for comments made by Reddit user
Send Slack messages for new Better Voice calls
Post newly completed Wunderlist tasks to a Slack channel 
Create Slack messages for Dotcom-Monitor status changes
Post starred Slack messages to your Facebook Pages 
Send Jabber IM messages straight to a Slack channel
Get direct Slack messages with new Trello card comments 
Send Slack messages for Quaderno invoices
Send Slack messages for new stand-alone SuperSaaS forms
Get Slack messages for new custom query matches on PostgreSQL
Post Slack messages for new Visual Studio Online work items
Get notified in Slack of new candidates in Breezy HR
Share new candidates from a Breezy HR stage over Slack
Get Slack direct messages for new Dropbox files
Share BugHerd bug updates via Slack
Get Slack messages for new Formidable entries
Get Slack notifications for new Universe orders
Get Slack notifications for new addresses added to your Direct Mail project
Invoke AWS Lambda functions for new messages on Slack
Send a Slack Direct Message for new Channel Messages
Get Slack notifications for new Twitter followers with more than 5,000 followers
Get Zapier status messages in Slack
Get Slack notifications for new tagged Solve contacts
Make Mavenlink posts for new ones on Slack
Send Slack direct messages from Google Forms responses
Send messages on Slack for new Kanban Tool cards
Get Slack messages with new Facebook ad leads 
Create Active Collab tasks from new Slack messages
Send new Pagico project comments to Slack
Post Slack messages for new Chatter topic posts
Get Slack direct messages for new Basecamp events
Post new LeadBoxer leads to a Slack channel
Send Slack messages for new Kanbanery tasks
Post new RepairShopr customers to a Slack channel
Post new ThunderMaps reports to a Slack channel
Send Slack messages for new Infusionsoft invoices
Send Slack messages for tagged Delicious links 
Send Slack messages for new Delicious links
Send messages on Slack for new FluidSurveys responses
Send Slack messages for cancelled CheddarGetter subscriptions
Send Slack messages for new CheddarGetter transactions
Get Slack direct messages for new invitees cancellations on Calendly 
Send Slack messages for new Tick clients
Get Slack notifications for new Zengine records
Send Slack messages for new FogBugz statuses
Send Slack messages for new files in a SugarSync folder
Post new Agendize appointments to a Slack channel
Send Slack direct messages from Learner Community enrollment
Send messages on Slack for new activity on AngelList
Add new Trello cards for new tagged Groove tickets
Post Slack notifications of new Mailgun complaint events
Post failed PayPal charges to Slack
Send Slack messages for new Infusionsoft credit card charges
Send Slack messages for new user stories on ProdPad
Send new Surveypal survey answers to Slack
Share new Crittercism alerts on Slack
Send invitations to Todoist projects when new users join Slack
Get Notified in Slack When Your Nexticy Forms are Filled Out
Send messages on Slack for new AgileZen story cards
Send Slack messages for new Olark transcripts
Post Slack messages for new Cflow workflow updates
Send Slack messages with new action items on Workboard
Send messages on Slack for new documents on Projectplace
Get Slack notifications for new Allthings share updates
Get Slack notifications for new Allthings Things
Send messages in Slack for new Paymill transactions
Send Slack messages for new Paymill clients
Send Slack messages for new ClickFunnels purchases
Send Slack messages for Submittable notes
Notify teammates in Slack of new OMG Sales assessment candidates
Send a message to Slack when a new error occurs
Send Slack messages for new tasks on Project Bubble
Send Slack messages for new Project Bubble subtasks
Forward messsages received by your Burst SMS inbox to a Slack channel
Post Slack channel messages for new ones received by a Burst SMS virtual mobile number
Send messages to a Slack channel for new LIME Go companies being worked on
Get Slack messages for new WHMCS todos
Add won BuySellAds deals to Slack
Send messages on Slack for new CallRail calls
Send SMS from MessageBird for new Slack message
Send a Slack message for Biztera approval requests
Send Slack messages with new Reamaze conversations
Get notified in Slack for new CudaDrive files
Share new Google Sheets spreadsheets to Slack
Post today's weather to a Slack channel in your language
Send a Slack message for new Wishpond lists
Get Slack channel messages with new Pinterest followers
Share new Checkvisit list items in Slack
Send Slack messages for new ProsperWorks contacts
Get Slack messages when LiveChat chats end
Get a Slack notification when a new person subscribes to your Mailjet list
Report on new Slack users in Watershed
Send Slack direct messages for new Transpose records
Click Qmote to text via Slack
Send Slack messages for new entries on Cognito Forms
Be notified of new Amazon CloudFront distribution in Slack
Get Slack messages for BowTie users
Post Slack channel messages with new Restyaboard cards
Send messages to a Slack channel about new completed Runscope Radar tests
Send messages to a Slack channel about new Campayn contacts
Get direct Slack messages with new GitHub pull requests 
Notify a Slack channel when a new lead is added to Wishpond
Post Workboard goal comments to Slack
Get Slack messages for new Amazon EC2 scheduled events
Post canceled Calendly events to a Slack channel 
Get Slack notifications for Route tasks
Get Slack alerts for new Swiftype documents
Create Workboard action items from new messages on Slack
Send Slack messages for videos by a user on Vimeo
Send Slack messages for Device Magic submissions 
Send messages on Slack for new liked videos on Vimeo
Post Slack messages for new Visual Studio Online builds
Send Slack messages with new comments on Workboard goals
Create new entries on Contentful for new messages on Slack
Send Slack messages for new Visual Studio Online code check-ins
Send new Solve contacts to Slack
Send new Solve workgroups to Slack
Share new Knack records on Slack
Share Knack form submissions in Slack
Send Slack messages for new Contentful entries 
Send a Slack direct message for new Wishpond leads
Post new Process Street comments to Slack
Post new Process Street attachments to Slack
Send Slack messages for new SSH keys added on Digital Ocean
Get Slack messages for cancelled YouCanBook.Me messages
Get Slack messages for rescheduled YouCanBook.Me bookings
Get a Swisscom iO for new Slack users 
Send Slack messages for new user stories on TargetProcess
Send messages on Slack for new time on TargetProcess
Get Slack notifications for new voicemails in CallHub
Send messages on Slack for new bugs on TargetProcess
Send Slack messages for TargetProcess tasks
Send Slack messages for new finished jobs on Azure App Service
Send Slack messages to a channel for new Cronofy Calendar Connector events
Post Slack messages for successful payments in Zoho Subscriptions
Post new Marketo leads to a Slack channel 
Share Scout Monitoring alerts via Slack channel messages
Turn new Slack messages into Wordsmith narratives and post them to a Slack channel (Chatbot) 
Share Basecamp Classic milestones on Slack
Post channel messages to Slack when new jobs are created in ServiceM8
Save starred Slack messages to Hackpad
Get Slack alert messages for sent Avaza Invoices
 Post new Avaza tasks to a Slack channel
Post Slack alert messages for new filtered FreshBooks invoices
Send BuySellAds deal sent data to Slack
Create Slack direct messages from BuySellAds deals sent
Get Slack notifications for new Ticketbud attendees
Post Slack messages for new rows added to PostgreSQL
Post Slack channel messages from new Excel rows 
Send monthly Slack messages 
Post Slack messages for new WP All Export Pro exports
Send Slack messages for new Mention alerts
Get direct messages on Slack with any new Basecamp 2 activity 
Get Slack notifications for new contacts on Route
Get notified in Slack when a file is added to a ShareFile folder
Send Slack messages for new errors on Airbrake
Share Wistia visitor emails in Slack
Send Slack messages for new OpenERP records
Post new Trello comments to a Slack channel
Send Slack messages when Fulcrum record statuses change
Get Slack notifications for new Ninja Forms form submissions
Get Slack notifications for new Twitter followers 
Send Slack messages for new releases on Beanstalk
Send email from SparkPost when a new Slack message is starred
Get direct messages on Slack when new Trello cards are moved to a list 
Share new job positions from Breezy HR over Slack
Share new Freckle entries over Slack
Get direct messages on Slack whenever new cards are archived on Trello 
Send Slack channel messages for newly archived Trello cards 
Post Slack channel messages with newly cold QuickMail prospects
Post new Jitbit Helpdesk tickets to your Slack channel
Send new Emma subscribers to Slack
 Send Slack messages for new recurring customers on MoonClerk
Post Slack alert messages for new Kickoff Labs signups
Send new ClickDesk tickets as messages on Slack
Post on Slack when new WP Remote core updates become available
Add starred Slack messages to a Quip spreadsheet
Add dones to iDoneThis for new messages on Slack
Create LiquidPlanner item comments for new messages on Slack
Get Slack notifications for new Moskit deals
Get Slack messages for new Weemss registrations
Share new Mention sources on Slack
Send Slack messages for low Wootric scores
Send Slack messages for new Aha! features
Get Slack notifications for new ActiveCampaign campaign unsubscribers
